Determining if the pthread_create exist failed with the following output:
Change Dir: /home/ivan/antlab-repo/system_0/ros_simulation/build/CMakeFiles/CMakeTmp

Run Build Command:/usr/bin/make "cmTryCompileExec1424702839/fast"
/usr/bin/make -f CMakeFiles/cmTryCompileExec1424702839.dir/build.make CMakeFiles/cmTryCompileExec1424702839.dir/build
make[1]: Entering directory `/home/ivan/antlab-repo/system_0/ros_simulation/build/CMakeFiles/CMakeTmp'
/usr/bin/cmake -E cmake_progress_report /home/ivan/antlab-repo/system_0/ros_simulation/build/CMakeFiles/CMakeTmp/CMakeFiles 1
Building C object CMakeFiles/cmTryCompileExec1424702839.dir/CheckSymbolExists.c.o
/usr/bin/cc    -o CMakeFiles/cmTryCompileExec1424702839.dir/CheckSymbolExists.c.o   -c /home/ivan/antlab-repo/system_0/ros_simulation/build/CMakeFiles/CMakeTmp/CheckSymbolExists.c
Linking C executable cmTryCompileExec1424702839
/usr/bin/cmake -E cmake_link_script CMakeFiles/cmTryCompileExec1424702839.dir/link.txt --verbose=1
/usr/bin/cc       CMakeFiles/cmTryCompileExec1424702839.dir/CheckSymbolExists.c.o  -o cmTryCompileExec1424702839 -rdynamic 
CMakeFiles/cmTryCompileExec1424702839.dir/CheckSymbolExists.c.o: In function `main':
CheckSymbolExists.c:(.text+0x16): undefined reference to `pthread_create'
collect2: error: ld returned 1 exit status
make[1]: *** [cmTryCompileExec1424702839] Error 1
make[1]: Leaving directory `/home/ivan/antlab-repo/system_0/ros_simulation/build/CMakeFiles/CMakeTmp'
make: *** [cmTryCompileExec1424702839/fast] Error 2

File /home/ivan/antlab-repo/system_0/ros_simulation/build/CMakeFiles/CMakeTmp/CheckSymbolExists.c:
/* */
#include <pthread.h>

int main(int argc, char** argv)
{
  (void)argv;
#ifndef pthread_create
  return ((int*)(&pthread_create))[argc];
#else
  (void)argc;
  return 0;
#endif
}

Determining if the function pthread_create exists in the pthreads failed with the following output:
Change Dir: /home/ivan/antlab-repo/system_0/ros_simulation/build/CMakeFiles/CMakeTmp

Run Build Command:/usr/bin/make "cmTryCompileExec1464169260/fast"
/usr/bin/make -f CMakeFiles/cmTryCompileExec1464169260.dir/build.make CMakeFiles/cmTryCompileExec1464169260.dir/build
make[1]: Entering directory `/home/ivan/antlab-repo/system_0/ros_simulation/build/CMakeFiles/CMakeTmp'
/usr/bin/cmake -E cmake_progress_report /home/ivan/antlab-repo/system_0/ros_simulation/build/CMakeFiles/CMakeTmp/CMakeFiles 1
Building C object CMakeFiles/cmTryCompileExec1464169260.dir/CheckFunctionExists.c.o
/usr/bin/cc   -DCHECK_FUNCTION_EXISTS=pthread_create   -o CMakeFiles/cmTryCompileExec1464169260.dir/CheckFunctionExists.c.o   -c /usr/share/cmake-2.8/Modules/CheckFunctionExists.c
Linking C executable cmTryCompileExec1464169260
/usr/bin/cmake -E cmake_link_script CMakeFiles/cmTryCompileExec1464169260.dir/link.txt --verbose=1
/usr/bin/cc   -DCHECK_FUNCTION_EXISTS=pthread_create    CMakeFiles/cmTryCompileExec1464169260.dir/CheckFunctionExists.c.o  -o cmTryCompileExec1464169260 -rdynamic -lpthreads 
/usr/bin/ld: cannot find -lpthreads
collect2: error: ld returned 1 exit status
make[1]: *** [cmTryCompileExec1464169260] Error 1
make[1]: Leaving directory `/home/ivan/antlab-repo/system_0/ros_simulation/build/CMakeFiles/CMakeTmp'
make: *** [cmTryCompileExec1464169260/fast] Error 2


Determining if the include file pgm.h exists failed with the following output:
Change Dir: /home/ivan/antlab-repo/system_0/ros_simulation/build/CMakeFiles/CMakeTmp

Run Build Command:/usr/bin/make "cmTryCompileExec1198234439/fast"
/usr/bin/make -f CMakeFiles/cmTryCompileExec1198234439.dir/build.make CMakeFiles/cmTryCompileExec1198234439.dir/build
make[1]: Entering directory `/home/ivan/antlab-repo/system_0/ros_simulation/build/CMakeFiles/CMakeTmp'
/usr/bin/cmake -E cmake_progress_report /home/ivan/antlab-repo/system_0/ros_simulation/build/CMakeFiles/CMakeTmp/CMakeFiles 1
Building CXX object CMakeFiles/cmTryCompileExec1198234439.dir/CheckIncludeFile.cxx.o
/usr/bin/c++    -Wno-deprecated    -o CMakeFiles/cmTryCompileExec1198234439.dir/CheckIncludeFile.cxx.o -c /home/ivan/antlab-repo/system_0/ros_simulation/build/CMakeFiles/CMakeTmp/CheckIncludeFile.cxx
/home/ivan/antlab-repo/system_0/ros_simulation/build/CMakeFiles/CMakeTmp/CheckIncludeFile.cxx:1:17: fatal error: pgm.h: No such file or directory
 #include <pgm.h>
                 ^
compilation terminated.
make[1]: *** [CMakeFiles/cmTryCompileExec1198234439.dir/CheckIncludeFile.cxx.o] Error 1
make[1]: Leaving directory `/home/ivan/antlab-repo/system_0/ros_simulation/build/CMakeFiles/CMakeTmp'
make: *** [cmTryCompileExec1198234439/fast] Error 2


